This file contains any messages produced by compilers while
running configure, to aid debugging if configure makes a mistake.

It was created by SDL2_mixer configure 2.6.2, which was
generated by GNU Autoconf 2.71.  Invocation command line was

  $ ./configure --prefix=/home/mohammad/Desktop/FOP/fop2024-project-SurenNTKY/SDL2_mixer-2.6.2

## --------- ##
## Platform. ##
## --------- ##

hostname = mohammad-ThinkPad-T420
uname -m = x86_64
uname -r = 6.8.0-51-generic
uname -s = Linux
uname -v = #52~22.04.1-Ubuntu SMP PREEMPT_DYNAMIC Mon Dec  9 15:00:52 UTC 2

/usr/bin/uname -p = x86_64
/bin/uname -X     = unknown

/bin/arch              = x86_64
/usr/bin/arch -k       = unknown
/usr/convex/getsysinfo = unknown
/usr/bin/hostinfo      = unknown
/bin/machine           = unknown
/usr/bin/oslevel       = unknown
/bin/universe          = unknown

PATH: /usr/local/sbin/
PATH: /usr/local/bin/
PATH: /usr/sbin/
PATH: /usr/bin/
PATH: /sbin/
PATH: /bin/
PATH: /usr/games/
PATH: /usr/local/games/
PATH: /snap/bin/
PATH: /snap/bin/


## ----------- ##
## Core tests. ##
## ----------- ##

configure:3033: looking for aux files: install-sh config.guess config.sub ltmain.sh
configure:3046:  trying ./build-scripts/
configure:3057:   ./build-scripts/install-sh found
configure:3075:   ./build-scripts/config.guess found
configure:3075:   ./build-scripts/config.sub found
configure:3075:   ./build-scripts/ltmain.sh found
configure:3250: checking build system type
configure:3265: result: x86_64-pc-linux-gnu
configure:3285: checking host system type
configure:3299: result: x86_64-pc-linux-gnu
configure:3381: checking for gcc
configure:3402: found /usr/bin/gcc
configure:3413: result: gcc
configure:3766: checking for C compiler version
configure:3775: gcc --version >&5
gcc (Ubuntu 11.4.0-1ubuntu1~22.04) 11.4.0
Copyright (C) 2021 Free Software Foundation, Inc.
This is free software; see the source for copying conditions.  There is NO
warranty; not even for MERCHANTABILITY or FITNESS FOR A PARTICULAR PURPOSE.

configure:3786: $? = 0
configure:3775: gcc -v >&5
Using built-in specs.
COLLECT_GCC=gcc
COLLECT_LTO_WRAPPER=/usr/lib/gcc/x86_64-linux-gnu/11/lto-wrapper
OFFLOAD_TARGET_NAMES=nvptx-none:amdgcn-amdhsa
OFFLOAD_TARGET_DEFAULT=1
Target: x86_64-linux-gnu
Configured with: ../src/configure -v --with-pkgversion='Ubuntu 11.4.0-1ubuntu1~22.04' --with-bugurl=file:///usr/share/doc/gcc-11/README.Bugs --enable-languages=c,ada,c++,go,brig,d,fortran,objc,obj-c++,m2 --prefix=/usr --with-gcc-major-version-only --program-suffix=-11 --program-prefix=x86_64-linux-gnu- --enable-shared --enable-linker-build-id --libexecdir=/usr/lib --without-included-gettext --enable-threads=posix --libdir=/usr/lib --enable-nls --enable-bootstrap --enable-clocale=gnu --enable-libstdcxx-debug --enable-libstdcxx-time=yes --with-default-libstdcxx-abi=new --enable-gnu-unique-object --disable-vtable-verify --enable-plugin --enable-default-pie --with-system-zlib --enable-libphobos-checking=release --with-target-system-zlib=auto --enable-objc-gc=auto --enable-multiarch --disable-werror --enable-cet --with-arch-32=i686 --with-abi=m64 --with-multilib-list=m32,m64,mx32 --enable-multilib --with-tune=generic --enable-offload-targets=nvptx-none=/build/gcc-11-XeT9lY/gcc-11-11.4.0/debian/tmp-nvptx/usr,amdgcn-amdhsa=/build/gcc-11-XeT9lY/gcc-11-11.4.0/debian/tmp-gcn/usr --without-cuda-driver --enable-checking=release --build=x86_64-linux-gnu --host=x86_64-linux-gnu --target=x86_64-linux-gnu --with-build-config=bootstrap-lto-lean --enable-link-serialization=2
Thread model: posix
Supported LTO compression algorithms: zlib zstd
gcc version 11.4.0 (Ubuntu 11.4.0-1ubuntu1~22.04) 
... rest of stderr output deleted ...
configure:3786: $? = 0
configure:3775: gcc -V >&5
gcc: error: unrecognized command-line option '-V'
gcc: fatal error: no input files
compilation terminated.
configure:3786: $? = 1
configure:3775: gcc -qversion >&5
gcc: error: unrecognized command-line option '-qversion'; did you mean '--version'?
gcc: fatal error: no input files
compilation terminated.
configure:3786: $? = 1
configure:3775: gcc -version >&5
gcc: error: unrecognized command-line option '-version'
gcc: fatal error: no input files
compilation terminated.
configure:3786: $? = 1
configure:3806: checking whether the C compiler works
configure:3828: gcc    conftest.c  >&5
configure:3832: $? = 0
configure:3882: result: yes
configure:3885: checking for C compiler default output file name
configure:3887: result: a.out
configure:3893: checking for suffix of executables
configure:3900: gcc -o conftest    conftest.c  >&5
configure:3904: $? = 0
configure:3927: result: 
configure:3949: checking whether we are cross compiling
configure:3957: gcc -o conftest    conftest.c  >&5
configure:3961: $? = 0
configure:3968: ./conftest
configure:3972: $? = 0
configure:3987: result: no
configure:3992: checking for suffix of object files
configure:4015: gcc -c   conftest.c >&5
configure:4019: $? = 0
configure:4041: result: o
configure:4045: checking whether the compiler supports GNU C
configure:4065: gcc -c   conftest.c >&5
configure:4065: $? = 0
configure:4075: result: yes
configure:4086: checking whether gcc accepts -g
configure:4107: gcc -c -g  conftest.c >&5
configure:4107: $? = 0
configure:4151: result: yes
configure:4171: checking for gcc option to enable C11 features
configure:4186: gcc  -c -g -O2  conftest.c >&5
configure:4186: $? = 0
configure:4204: result: none needed
configure:4314: checking for a sed that does not truncate output
configure:4384: result: /usr/bin/sed
configure:4402: checking for grep that handles long lines and -e
configure:4466: result: /usr/bin/grep
configure:4471: checking for egrep
configure:4539: result: /usr/bin/grep -E
configure:4544: checking for fgrep
configure:4612: result: /usr/bin/grep -F
configure:4648: checking for ld used by gcc
configure:4716: result: /usr/bin/ld
configure:4723: checking if the linker (/usr/bin/ld) is GNU ld
configure:4739: result: yes
configure:4751: checking for BSD- or MS-compatible name lister (nm)
configure:4801: result: /usr/bin/nm -B
configure:4929: checking the name lister (/usr/bin/nm -B) interface
configure:4937: gcc -c -g -O2  conftest.c >&5
configure:4940: /usr/bin/nm -B "conftest.o"
configure:4943: output
0000000000000000 B some_variable
configure:4950: result: BSD nm
configure:4953: checking whether ln -s works
configure:4957: result: yes
configure:4965: checking the maximum length of command line arguments
configure:5092: result: 1572864
configure:5109: checking whether the shell understands some XSI constructs
configure:5119: result: yes
configure:5123: checking whether the shell understands "+="
configure:5129: result: yes
configure:5164: checking for /usr/bin/ld option to reload object files
configure:5172: result: -r
configure:5246: checking for objdump
configure:5267: found /usr/bin/objdump
configure:5278: result: objdump
configure:5307: checking how to recognize dependent libraries
configure:5509: result: pass_all
configure:5574: checking for ar
configure:5595: found /usr/bin/ar
configure:5606: result: ar
configure:5689: checking for strip
configure:5710: found /usr/bin/strip
configure:5721: result: strip
configure:5798: checking for ranlib
configure:5819: found /usr/bin/ranlib
configure:5830: result: ranlib
configure:5920: checking command to parse /usr/bin/nm -B output from gcc object
configure:6039: gcc -c -g -O2  conftest.c >&5
configure:6042: $? = 0
configure:6046: /usr/bin/nm -B conftest.o \| sed -n -e 's/^.*[	 ]\([ABCDGIRSTW][ABCDGIRSTW]*\)[	 ][	 ]*\([_A-Za-z][_A-Za-z0-9]*\)$/\1 \2 \2/p' \> conftest.nm
configure:6049: $? = 0
configure:6103: gcc -o conftest -g -O2   conftest.c conftstm.o >&5
configure:6106: $? = 0
configure:6144: result: ok
configure:6241: gcc -c -g -O2  conftest.c >&5
configure:6244: $? = 0
configure:7006: checking for stdio.h
configure:7006: gcc -c -g -O2  conftest.c >&5
configure:7006: $? = 0
configure:7006: result: yes
configure:7006: checking for stdlib.h
configure:7006: gcc -c -g -O2  conftest.c >&5
configure:7006: $? = 0
configure:7006: result: yes
configure:7006: checking for string.h
configure:7006: gcc -c -g -O2  conftest.c >&5
configure:7006: $? = 0
configure:7006: result: yes
configure:7006: checking for inttypes.h
configure:7006: gcc -c -g -O2  conftest.c >&5
configure:7006: $? = 0
configure:7006: result: yes
configure:7006: checking for stdint.h
configure:7006: gcc -c -g -O2  conftest.c >&5
configure:7006: $? = 0
configure:7006: result: yes
configure:7006: checking for strings.h
configure:7006: gcc -c -g -O2  conftest.c >&5
configure:7006: $? = 0
configure:7006: result: yes
configure:7006: checking for sys/stat.h
configure:7006: gcc -c -g -O2  conftest.c >&5
configure:7006: $? = 0
configure:7006: result: yes
configure:7006: checking for sys/types.h
configure:7006: gcc -c -g -O2  conftest.c >&5
configure:7006: $? = 0
configure:7006: result: yes
configure:7006: checking for unistd.h
configure:7006: gcc -c -g -O2  conftest.c >&5
configure:7006: $? = 0
configure:7006: result: yes
configure:7031: checking for dlfcn.h
configure:7031: gcc -c -g -O2  conftest.c >&5
configure:7031: $? = 0
configure:7031: result: yes
configure:7544: checking for objdir
configure:7560: result: .libs
configure:7856: checking if gcc supports -fno-rtti -fno-exceptions
configure:7875: gcc -c -g -O2  -fno-rtti -fno-exceptions conftest.c >&5
cc1: warning: command-line option '-fno-rtti' is valid for C++/D/ObjC++ but not for C
configure:7879: $? = 0
configure:7892: result: no
configure:7912: checking for gcc option to produce PIC
configure:8194: result: -fPIC -DPIC
configure:8206: checking if gcc PIC flag -fPIC -DPIC works
configure:8225: gcc -c -g -O2  -fPIC -DPIC -DPIC conftest.c >&5
configure:8229: $? = 0
configure:8242: result: yes
configure:8266: checking if gcc static flag -static works
configure:8295: result: yes
configure:8310: checking if gcc supports -c -o file.o
configure:8332: gcc -c -g -O2  -o out/conftest2.o conftest.c >&5
configure:8336: $? = 0
configure:8358: result: yes
configure:8366: checking if gcc supports -c -o file.o
configure:8414: result: yes
configure:8447: checking whether the gcc linker (/usr/bin/ld -m elf_x86_64) supports shared libraries
configure:9481: result: yes
configure:9518: checking whether -lc should be explicitly linked in
configure:9523: gcc -c -g -O2  conftest.c >&5
configure:9526: $? = 0
configure:9541: gcc -shared conftest.o  -v -Wl,-soname -Wl,conftest -o conftest 2\>\&1 \| /usr/bin/grep  -lc  \>/dev/null 2\>\&1
configure:9544: $? = 0
configure:9556: result: no
configure:9720: checking dynamic linker characteristics
configure:10151: gcc -o conftest -g -O2   -Wl,-rpath -Wl,/foo conftest.c  >&5
configure:10151: $? = 0
configure:10396: result: GNU/Linux ld.so
configure:10498: checking how to hardcode library paths into programs
configure:10523: result: immediate
configure:11047: checking whether stripping libraries is possible
configure:11052: result: yes
configure:11087: checking if libtool supports shared libraries
configure:11089: result: yes
configure:11092: checking whether to build shared libraries
configure:11113: result: yes
configure:11116: checking whether to build static libraries
configure:11120: result: yes
configure:11233: checking for gcc
configure:11265: result: gcc
configure:11618: checking for C compiler version
configure:11627: gcc --version >&5
gcc (Ubuntu 11.4.0-1ubuntu1~22.04) 11.4.0
Copyright (C) 2021 Free Software Foundation, Inc.
This is free software; see the source for copying conditions.  There is NO
warranty; not even for MERCHANTABILITY or FITNESS FOR A PARTICULAR PURPOSE.

configure:11638: $? = 0
configure:11627: gcc -v >&5
Using built-in specs.
COLLECT_GCC=gcc
COLLECT_LTO_WRAPPER=/usr/lib/gcc/x86_64-linux-gnu/11/lto-wrapper
OFFLOAD_TARGET_NAMES=nvptx-none:amdgcn-amdhsa
OFFLOAD_TARGET_DEFAULT=1
Target: x86_64-linux-gnu
Configured with: ../src/configure -v --with-pkgversion='Ubuntu 11.4.0-1ubuntu1~22.04' --with-bugurl=file:///usr/share/doc/gcc-11/README.Bugs --enable-languages=c,ada,c++,go,brig,d,fortran,objc,obj-c++,m2 --prefix=/usr --with-gcc-major-version-only --program-suffix=-11 --program-prefix=x86_64-linux-gnu- --enable-shared --enable-linker-build-id --libexecdir=/usr/lib --without-included-gettext --enable-threads=posix --libdir=/usr/lib --enable-nls --enable-bootstrap --enable-clocale=gnu --enable-libstdcxx-debug --enable-libstdcxx-time=yes --with-default-libstdcxx-abi=new --enable-gnu-unique-object --disable-vtable-verify --enable-plugin --enable-default-pie --with-system-zlib --enable-libphobos-checking=release --with-target-system-zlib=auto --enable-objc-gc=auto --enable-multiarch --disable-werror --enable-cet --with-arch-32=i686 --with-abi=m64 --with-multilib-list=m32,m64,mx32 --enable-multilib --with-tune=generic --enable-offload-targets=nvptx-none=/build/gcc-11-XeT9lY/gcc-11-11.4.0/debian/tmp-nvptx/usr,amdgcn-amdhsa=/build/gcc-11-XeT9lY/gcc-11-11.4.0/debian/tmp-gcn/usr --without-cuda-driver --enable-checking=release --build=x86_64-linux-gnu --host=x86_64-linux-gnu --target=x86_64-linux-gnu --with-build-config=bootstrap-lto-lean --enable-link-serialization=2
Thread model: posix
Supported LTO compression algorithms: zlib zstd
gcc version 11.4.0 (Ubuntu 11.4.0-1ubuntu1~22.04) 
... rest of stderr output deleted ...
configure:11638: $? = 0
configure:11627: gcc -V >&5
gcc: error: unrecognized command-line option '-V'
gcc: fatal error: no input files
compilation terminated.
configure:11638: $? = 1
configure:11627: gcc -qversion >&5
gcc: error: unrecognized command-line option '-qversion'; did you mean '--version'?
gcc: fatal error: no input files
compilation terminated.
configure:11638: $? = 1
configure:11627: gcc -version >&5
gcc: error: unrecognized command-line option '-version'
gcc: fatal error: no input files
compilation terminated.
configure:11638: $? = 1
configure:11642: checking whether the compiler supports GNU C
configure:11672: result: yes
configure:11683: checking whether gcc accepts -g
configure:11748: result: yes
configure:11768: checking for gcc option to enable C11 features
configure:11801: result: none needed
configure:11980: checking for g++
configure:12001: found /usr/bin/g++
configure:12012: result: g++
configure:12039: checking for C++ compiler version
configure:12048: g++ --version >&5
g++ (Ubuntu 11.4.0-1ubuntu1~22.04) 11.4.0
Copyright (C) 2021 Free Software Foundation, Inc.
This is free software; see the source for copying conditions.  There is NO
warranty; not even for MERCHANTABILITY or FITNESS FOR A PARTICULAR PURPOSE.

configure:12059: $? = 0
configure:12048: g++ -v >&5
Using built-in specs.
COLLECT_GCC=g++
COLLECT_LTO_WRAPPER=/usr/lib/gcc/x86_64-linux-gnu/11/lto-wrapper
OFFLOAD_TARGET_NAMES=nvptx-none:amdgcn-amdhsa
OFFLOAD_TARGET_DEFAULT=1
Target: x86_64-linux-gnu
Configured with: ../src/configure -v --with-pkgversion='Ubuntu 11.4.0-1ubuntu1~22.04' --with-bugurl=file:///usr/share/doc/gcc-11/README.Bugs --enable-languages=c,ada,c++,go,brig,d,fortran,objc,obj-c++,m2 --prefix=/usr --with-gcc-major-version-only --program-suffix=-11 --program-prefix=x86_64-linux-gnu- --enable-shared --enable-linker-build-id --libexecdir=/usr/lib --without-included-gettext --enable-threads=posix --libdir=/usr/lib --enable-nls --enable-bootstrap --enable-clocale=gnu --enable-libstdcxx-debug --enable-libstdcxx-time=yes --with-default-libstdcxx-abi=new --enable-gnu-unique-object --disable-vtable-verify --enable-plugin --enable-default-pie --with-system-zlib --enable-libphobos-checking=release --with-target-system-zlib=auto --enable-objc-gc=auto --enable-multiarch --disable-werror --enable-cet --with-arch-32=i686 --with-abi=m64 --with-multilib-list=m32,m64,mx32 --enable-multilib --with-tune=generic --enable-offload-targets=nvptx-none=/build/gcc-11-XeT9lY/gcc-11-11.4.0/debian/tmp-nvptx/usr,amdgcn-amdhsa=/build/gcc-11-XeT9lY/gcc-11-11.4.0/debian/tmp-gcn/usr --without-cuda-driver --enable-checking=release --build=x86_64-linux-gnu --host=x86_64-linux-gnu --target=x86_64-linux-gnu --with-build-config=bootstrap-lto-lean --enable-link-serialization=2
Thread model: posix
Supported LTO compression algorithms: zlib zstd
gcc version 11.4.0 (Ubuntu 11.4.0-1ubuntu1~22.04) 
... rest of stderr output deleted ...
configure:12059: $? = 0
configure:12048: g++ -V >&5
g++: error: unrecognized command-line option '-V'
g++: fatal error: no input files
compilation terminated.
configure:12059: $? = 1
configure:12048: g++ -qversion >&5
g++: error: unrecognized command-line option '-qversion'; did you mean '--version'?
g++: fatal error: no input files
compilation terminated.
configure:12059: $? = 1
configure:12063: checking whether the compiler supports GNU C++
configure:12083: g++ -c   conftest.cpp >&5
configure:12083: $? = 0
configure:12093: result: yes
configure:12104: checking whether g++ accepts -g
configure:12125: g++ -c -g  conftest.cpp >&5
configure:12125: $? = 0
configure:12169: result: yes
configure:12189: checking for g++ option to enable C++11 features
configure:12204: g++  -c -g -O2  conftest.cpp >&5
conftest.cpp: In function 'int main(int, char**)':
conftest.cpp:187:25: warning: empty parentheses were disambiguated as a function declaration [-Wvexing-parse]
  187 |   cxx11test::delegate d2();
      |                         ^~
conftest.cpp:187:25: note: remove parentheses to default-initialize a variable
  187 |   cxx11test::delegate d2();
      |                         ^~
      |                         --
conftest.cpp:187:25: note: or replace parentheses with braces to value-initialize a variable
configure:12204: $? = 0
configure:12222: result: none needed
configure:12409: checking for C++ compiler version
configure:12418: g++ --version >&5
g++ (Ubuntu 11.4.0-1ubuntu1~22.04) 11.4.0
Copyright (C) 2021 Free Software Foundation, Inc.
This is free software; see the source for copying conditions.  There is NO
warranty; not even for MERCHANTABILITY or FITNESS FOR A PARTICULAR PURPOSE.

configure:12429: $? = 0
configure:12418: g++ -v >&5
Using built-in specs.
COLLECT_GCC=g++
COLLECT_LTO_WRAPPER=/usr/lib/gcc/x86_64-linux-gnu/11/lto-wrapper
OFFLOAD_TARGET_NAMES=nvptx-none:amdgcn-amdhsa
OFFLOAD_TARGET_DEFAULT=1
Target: x86_64-linux-gnu
Configured with: ../src/configure -v --with-pkgversion='Ubuntu 11.4.0-1ubuntu1~22.04' --with-bugurl=file:///usr/share/doc/gcc-11/README.Bugs --enable-languages=c,ada,c++,go,brig,d,fortran,objc,obj-c++,m2 --prefix=/usr --with-gcc-major-version-only --program-suffix=-11 --program-prefix=x86_64-linux-gnu- --enable-shared --enable-linker-build-id --libexecdir=/usr/lib --without-included-gettext --enable-threads=posix --libdir=/usr/lib --enable-nls --enable-bootstrap --enable-clocale=gnu --enable-libstdcxx-debug --enable-libstdcxx-time=yes --with-default-libstdcxx-abi=new --enable-gnu-unique-object --disable-vtable-verify --enable-plugin --enable-default-pie --with-system-zlib --enable-libphobos-checking=release --with-target-system-zlib=auto --enable-objc-gc=auto --enable-multiarch --disable-werror --enable-cet --with-arch-32=i686 --with-abi=m64 --with-multilib-list=m32,m64,mx32 --enable-multilib --with-tune=generic --enable-offload-targets=nvptx-none=/build/gcc-11-XeT9lY/gcc-11-11.4.0/debian/tmp-nvptx/usr,amdgcn-amdhsa=/build/gcc-11-XeT9lY/gcc-11-11.4.0/debian/tmp-gcn/usr --without-cuda-driver --enable-checking=release --build=x86_64-linux-gnu --host=x86_64-linux-gnu --target=x86_64-linux-gnu --with-build-config=bootstrap-lto-lean --enable-link-serialization=2
Thread model: posix
Supported LTO compression algorithms: zlib zstd
gcc version 11.4.0 (Ubuntu 11.4.0-1ubuntu1~22.04) 
... rest of stderr output deleted ...
configure:12429: $? = 0
configure:12418: g++ -V >&5
g++: error: unrecognized command-line option '-V'
g++: fatal error: no input files
compilation terminated.
configure:12429: $? = 1
configure:12418: g++ -qversion >&5
g++: error: unrecognized command-line option '-qversion'; did you mean '--version'?
g++: fatal error: no input files
compilation terminated.
configure:12429: $? = 1
configure:12433: checking whether the compiler supports GNU C++
configure:12463: result: yes
configure:12474: checking whether g++ accepts -g
configure:12539: result: yes
configure:12559: checking for g++ option to enable C++11 features
configure:12592: result: none needed
configure:12664: checking how to run the C++ preprocessor
configure:12686: g++ -E  conftest.cpp
configure:12686: $? = 0
configure:12701: g++ -E  conftest.cpp
conftest.cpp:21:10: fatal error: ac_nonexistent.h: No such file or directory
   21 | #include <ac_nonexistent.h>
      |          ^~~~~~~~~~~~~~~~~~
compilation terminated.
configure:12701: $? = 1
configure: failed program was:
| /* confdefs.h */
| #define PACKAGE_NAME "SDL2_mixer"
| #define PACKAGE_TARNAME "SDL2_mixer"
| #define PACKAGE_VERSION "2.6.2"
| #define PACKAGE_STRING "SDL2_mixer 2.6.2"
| #define PACKAGE_BUGREPORT "https://github.com/libsdl-org/SDL_mixer/issues"
| #define PACKAGE_URL ""
| #define HAVE_STDIO_H 1
| #define HAVE_STDLIB_H 1
| #define HAVE_STRING_H 1
| #define HAVE_INTTYPES_H 1
| #define HAVE_STDINT_H 1
| #define HAVE_STRINGS_H 1
| #define HAVE_SYS_STAT_H 1
| #define HAVE_SYS_TYPES_H 1
| #define HAVE_UNISTD_H 1
| #define STDC_HEADERS 1
| #define HAVE_DLFCN_H 1
| #define LT_OBJDIR ".libs/"
| /* end confdefs.h.  */
| #include <ac_nonexistent.h>
configure:12728: result: g++ -E
configure:12742: g++ -E  conftest.cpp
configure:12742: $? = 0
configure:12757: g++ -E  conftest.cpp
conftest.cpp:21:10: fatal error: ac_nonexistent.h: No such file or directory
   21 | #include <ac_nonexistent.h>
      |          ^~~~~~~~~~~~~~~~~~
compilation terminated.
configure:12757: $? = 1
configure: failed program was:
| /* confdefs.h */
| #define PACKAGE_NAME "SDL2_mixer"
| #define PACKAGE_TARNAME "SDL2_mixer"
| #define PACKAGE_VERSION "2.6.2"
| #define PACKAGE_STRING "SDL2_mixer 2.6.2"
| #define PACKAGE_BUGREPORT "https://github.com/libsdl-org/SDL_mixer/issues"
| #define PACKAGE_URL ""
| #define HAVE_STDIO_H 1
| #define HAVE_STDLIB_H 1
| #define HAVE_STRING_H 1
| #define HAVE_INTTYPES_H 1
| #define HAVE_STDINT_H 1
| #define HAVE_STRINGS_H 1
| #define HAVE_SYS_STAT_H 1
| #define HAVE_SYS_TYPES_H 1
| #define HAVE_UNISTD_H 1
| #define STDC_HEADERS 1
| #define HAVE_DLFCN_H 1
| #define LT_OBJDIR ".libs/"
| /* end confdefs.h.  */
| #include <ac_nonexistent.h>
configure:12928: checking for ld used by g++
configure:12996: result: /usr/bin/ld -m elf_x86_64
configure:13003: checking if the linker (/usr/bin/ld -m elf_x86_64) is GNU ld
configure:13019: result: yes
configure:13074: checking whether the g++ linker (/usr/bin/ld -m elf_x86_64) supports shared libraries
configure:14017: result: yes
configure:14045: g++ -c -g -O2  conftest.cpp >&5
configure:14048: $? = 0
configure:14230: checking for g++ option to produce PIC
configure:14552: result: -fPIC -DPIC
configure:14561: checking if g++ PIC flag -fPIC -DPIC works
configure:14580: g++ -c -g -O2  -fPIC -DPIC -DPIC conftest.cpp >&5
configure:14584: $? = 0
configure:14597: result: yes
configure:14618: checking if g++ static flag -static works
configure:14647: result: yes
configure:14659: checking if g++ supports -c -o file.o
configure:14681: g++ -c -g -O2  -o out/conftest2.o conftest.cpp >&5
configure:14685: $? = 0
configure:14707: result: yes
configure:14712: checking if g++ supports -c -o file.o
configure:14760: result: yes
configure:14790: checking whether the g++ linker (/usr/bin/ld -m elf_x86_64) supports shared libraries
configure:14816: result: yes
configure:14953: checking dynamic linker characteristics
configure:15332: g++ -o conftest -g -O2   -Wl,-rpath -Wl,/foo conftest.cpp  >&5
configure:15332: $? = 0
configure:15577: result: GNU/Linux ld.so
configure:15628: checking how to hardcode library paths into programs
configure:15653: result: immediate
configure:15707: checking for a BSD-compatible install
configure:15780: result: /usr/bin/install -c
configure:15791: checking whether make sets $(MAKE)
configure:15814: result: yes
configure:15871: checking for windres
configure:15906: result: no
configure:16065: checking for pkg-config
configure:16088: found /usr/bin/pkg-config
configure:16100: result: /usr/bin/pkg-config
configure:16125: checking pkg-config is at least version 0.9.0
configure:16128: result: yes
configure:16213: checking for GCC -MMD -MT option
configure:16230: gcc -c -g -O2  -D_GNU_SOURCE=1   -D_GNU_SOURCE=1 conftest.c >&5
configure:16230: $? = 0
configure:16235: result: yes
configure:16453: checking for sdl2 >= 2.0.9
configure:16460: $PKG_CONFIG --exists --print-errors "sdl2 >= $min_sdl_version"
Package sdl2 was not found in the pkg-config search path.
Perhaps you should add the directory containing `sdl2.pc'
to the PKG_CONFIG_PATH environment variable
No package 'sdl2' found
configure:16463: $? = 1
configure:16477: $PKG_CONFIG --exists --print-errors "sdl2 >= $min_sdl_version"
Package sdl2 was not found in the pkg-config search path.
Perhaps you should add the directory containing `sdl2.pc'
to the PKG_CONFIG_PATH environment variable
No package 'sdl2' found
configure:16480: $? = 1
configure:16494: result: no
No package 'sdl2' found
configure:16548: checking for sdl2-config
configure:16584: result: no
configure:16593: checking for SDL - version >= 2.0.9
configure:16679: result: no
configure:16744: error: *** SDL version 2.0.9 not found!

## ---------------- ##
## Cache variables. ##
## ---------------- ##

ac_cv_build=x86_64-pc-linux-gnu
ac_cv_c_compiler_gnu=yes
ac_cv_cxx_compiler_gnu=yes
ac_cv_env_CCC_set=
ac_cv_env_CCC_value=
ac_cv_env_CC_set=
ac_cv_env_CC_value=
ac_cv_env_CFLAGS_set=
ac_cv_env_CFLAGS_value=
ac_cv_env_CPPFLAGS_set=
ac_cv_env_CPPFLAGS_value=
ac_cv_env_CXXCPP_set=
ac_cv_env_CXXCPP_value=
ac_cv_env_CXXFLAGS_set=
ac_cv_env_CXXFLAGS_value=
ac_cv_env_CXX_set=
ac_cv_env_CXX_value=
ac_cv_env_FLAC_CFLAGS_set=
ac_cv_env_FLAC_CFLAGS_value=
ac_cv_env_FLAC_LIBS_set=
ac_cv_env_FLAC_LIBS_value=
ac_cv_env_FLUIDSYNTH_CFLAGS_set=
ac_cv_env_FLUIDSYNTH_CFLAGS_value=
ac_cv_env_FLUIDSYNTH_LIBS_set=
ac_cv_env_FLUIDSYNTH_LIBS_value=
ac_cv_env_LDFLAGS_set=
ac_cv_env_LDFLAGS_value=
ac_cv_env_LIBS_set=
ac_cv_env_LIBS_value=
ac_cv_env_MODPLUG_CFLAGS_set=
ac_cv_env_MODPLUG_CFLAGS_value=
ac_cv_env_MODPLUG_LIBS_set=
ac_cv_env_MODPLUG_LIBS_value=
ac_cv_env_MPG123_CFLAGS_set=
ac_cv_env_MPG123_CFLAGS_value=
ac_cv_env_MPG123_LIBS_set=
ac_cv_env_MPG123_LIBS_value=
ac_cv_env_OPUSFILE_CFLAGS_set=
ac_cv_env_OPUSFILE_CFLAGS_value=
ac_cv_env_OPUSFILE_LIBS_set=
ac_cv_env_OPUSFILE_LIBS_value=
ac_cv_env_PKG_CONFIG_LIBDIR_set=
ac_cv_env_PKG_CONFIG_LIBDIR_value=
ac_cv_env_PKG_CONFIG_PATH_set=
ac_cv_env_PKG_CONFIG_PATH_value=
ac_cv_env_PKG_CONFIG_set=
ac_cv_env_PKG_CONFIG_value=
ac_cv_env_SDL_CFLAGS_set=
ac_cv_env_SDL_CFLAGS_value=
ac_cv_env_SDL_LIBS_set=
ac_cv_env_SDL_LIBS_value=
ac_cv_env_TREMOR_CFLAGS_set=
ac_cv_env_TREMOR_CFLAGS_value=
ac_cv_env_TREMOR_LIBS_set=
ac_cv_env_TREMOR_LIBS_value=
ac_cv_env_VORBIS_CFLAGS_set=
ac_cv_env_VORBIS_CFLAGS_value=
ac_cv_env_VORBIS_LIBS_set=
ac_cv_env_VORBIS_LIBS_value=
ac_cv_env_XMP_CFLAGS_set=
ac_cv_env_XMP_CFLAGS_value=
ac_cv_env_XMP_LIBS_set=
ac_cv_env_XMP_LIBS_value=
ac_cv_env_build_alias_set=
ac_cv_env_build_alias_value=
ac_cv_env_host_alias_set=
ac_cv_env_host_alias_value=
ac_cv_env_target_alias_set=
ac_cv_env_target_alias_value=
ac_cv_header_dlfcn_h=yes
ac_cv_header_inttypes_h=yes
ac_cv_header_stdint_h=yes
ac_cv_header_stdio_h=yes
ac_cv_header_stdlib_h=yes
ac_cv_header_string_h=yes
ac_cv_header_strings_h=yes
ac_cv_header_sys_stat_h=yes
ac_cv_header_sys_types_h=yes
ac_cv_header_unistd_h=yes
ac_cv_host=x86_64-pc-linux-gnu
ac_cv_objext=o
ac_cv_path_EGREP='/usr/bin/grep -E'
ac_cv_path_FGREP='/usr/bin/grep -F'
ac_cv_path_GREP=/usr/bin/grep
ac_cv_path_SDL2_CONFIG=no
ac_cv_path_SED=/usr/bin/sed
ac_cv_path_ac_pt_PKG_CONFIG=/usr/bin/pkg-config
ac_cv_path_install='/usr/bin/install -c'
ac_cv_prog_CXXCPP='g++ -E'
ac_cv_prog_ac_ct_AR=ar
ac_cv_prog_ac_ct_CC=gcc
ac_cv_prog_ac_ct_CXX=g++
ac_cv_prog_ac_ct_OBJDUMP=objdump
ac_cv_prog_ac_ct_RANLIB=ranlib
ac_cv_prog_ac_ct_STRIP=strip
ac_cv_prog_cc_c11=
ac_cv_prog_cc_g=yes
ac_cv_prog_cc_stdc=
ac_cv_prog_cxx_11=no
ac_cv_prog_cxx_cxx11=
ac_cv_prog_cxx_g=yes
ac_cv_prog_cxx_stdcxx=
ac_cv_prog_make_make_set=yes
lt_cv_deplibs_check_method=pass_all
lt_cv_file_magic_cmd='$MAGIC_CMD'
lt_cv_file_magic_test_file=
lt_cv_ld_reload_flag=-r
lt_cv_nm_interface='BSD nm'
lt_cv_objdir=.libs
lt_cv_path_LD=/usr/bin/ld
lt_cv_path_LDCXX='/usr/bin/ld -m elf_x86_64'
lt_cv_path_NM='/usr/bin/nm -B'
lt_cv_prog_compiler_c_o=yes
lt_cv_prog_compiler_c_o_CXX=yes
lt_cv_prog_compiler_c_o_RC=yes
lt_cv_prog_compiler_pic_works=yes
lt_cv_prog_compiler_pic_works_CXX=yes
lt_cv_prog_compiler_rtti_exceptions=no
lt_cv_prog_compiler_static_works=yes
lt_cv_prog_compiler_static_works_CXX=yes
lt_cv_prog_gnu_ld=yes
lt_cv_prog_gnu_ldcxx=yes
lt_cv_sys_global_symbol_pipe='sed -n -e '\''s/^.*[	 ]\([ABCDGIRSTW][ABCDGIRSTW]*\)[	 ][	 ]*\([_A-Za-z][_A-Za-z0-9]*\)$/\1 \2 \2/p'\'''
lt_cv_sys_global_symbol_to_c_name_address='sed -n -e '\''s/^: \([^ ]*\) $/  {\"\1\", (void *) 0},/p'\'' -e '\''s/^[ABCDGIRSTW]* \([^ ]*\) \([^ ]*\)$/  {"\2", (void *) \&\2},/p'\'''
lt_cv_sys_global_symbol_to_c_name_address_lib_prefix='sed -n -e '\''s/^: \([^ ]*\) $/  {\"\1\", (void *) 0},/p'\'' -e '\''s/^[ABCDGIRSTW]* \([^ ]*\) \(lib[^ ]*\)$/  {"\2", (void *) \&\2},/p'\'' -e '\''s/^[ABCDGIRSTW]* \([^ ]*\) \([^ ]*\)$/  {"lib\2", (void *) \&\2},/p'\'''
lt_cv_sys_global_symbol_to_cdecl='sed -n -e '\''s/^T .* \(.*\)$/extern int \1();/p'\'' -e '\''s/^[ABCDGIRSTW]* .* \(.*\)$/extern char \1;/p'\'''
lt_cv_sys_max_cmd_len=1572864

## ----------------- ##
## Output variables. ##
## ----------------- ##

AR='ar'
AS='as'
BINARY_AGE='602'
BUILD_CFLAGS='-g -O2  -I./include -I./src -I./src/codecs'
BUILD_LDFLAGS=''
CC='gcc'
CFLAGS='-g -O2  -D_GNU_SOURCE=1'
CPPFLAGS='  -D_GNU_SOURCE=1'
CXX='g++'
CXXCPP='g++ -E'
CXXFLAGS='-g -O2'
DEFS=''
DLLTOOL='dlltool'
DSYMUTIL=''
DUMPBIN=''
ECHO_C=''
ECHO_N='-n'
ECHO_T=''
EGREP='/usr/bin/grep -E'
EXE=''
EXEEXT=''
EXTRA_CFLAGS=' -D_GNU_SOURCE=1'
EXTRA_LDFLAGS=''
FGREP='/usr/bin/grep -F'
FLAC_CFLAGS=''
FLAC_LIBS=''
FLUIDSYNTH_CFLAGS=''
FLUIDSYNTH_LIBS=''
GREP='/usr/bin/grep'
INSTALL_DATA='${INSTALL} -m 644'
INSTALL_PROGRAM='${INSTALL}'
INSTALL_SCRIPT='${INSTALL}'
INTERFACE_AGE='2'
LD='/usr/bin/ld -m elf_x86_64'
LDFLAGS=' '
LIBOBJS=''
LIBS=''
LIBTOOL='$(SHELL) $(top_builddir)/libtool'
LIPO=''
LN_S='ln -s'
LTLIBOBJS=''
LT_AGE='600'
LT_CURRENT='600'
LT_EXTRA=''
LT_RELEASE='2.0'
LT_REVISION='2'
MAJOR_VERSION='2'
MICRO_VERSION='2'
MINOR_VERSION='6'
MIXER_LIBS=''
MODPLUG_CFLAGS=''
MODPLUG_LIBS=''
MPG123_CFLAGS=''
MPG123_LIBS=''
NM='/usr/bin/nm -B'
NMEDIT=''
OBJDUMP='objdump'
OBJECTS=''
OBJEXT='o'
OPUSFILE_CFLAGS=''
OPUSFILE_LIBS=''
OTOOL64=''
OTOOL=''
PACKAGE_BUGREPORT='https://github.com/libsdl-org/SDL_mixer/issues'
PACKAGE_NAME='SDL2_mixer'
PACKAGE_STRING='SDL2_mixer 2.6.2'
PACKAGE_TARNAME='SDL2_mixer'
PACKAGE_URL=''
PACKAGE_VERSION='2.6.2'
PATH_SEPARATOR=':'
PC_LIBS=''
PC_REQUIRES=''
PKG_CONFIG='/usr/bin/pkg-config'
PKG_CONFIG_LIBDIR=''
PKG_CONFIG_PATH=''
PLAYMUS_OBJECTS=''
PLAYWAVE_OBJECTS=''
RANLIB='ranlib'
RC=''
SDL2MIXER_CMD=''
SDL2MIXER_FLAC_DRFLAC=''
SDL2MIXER_FLAC_LIBFLAC=''
SDL2MIXER_MIDI_FLUIDSYNTH=''
SDL2MIXER_MIDI_NATIVE=''
SDL2MIXER_MIDI_TIMIDITY=''
SDL2MIXER_MOD_MODPLUG=''
SDL2MIXER_MOD_XMP=''
SDL2MIXER_MOD_XMP_LITE=''
SDL2MIXER_MP3_DRMP3=''
SDL2MIXER_MP3_MPG123=''
SDL2MIXER_OPUS=''
SDL2MIXER_VORBIS_STB=''
SDL2MIXER_VORBIS_TREMOR=''
SDL2MIXER_VORBIS_VORBISFILE=''
SDL2MIXER_WAVE=''
SDL2_CONFIG='no'
SDL_CFLAGS=''
SDL_LIBS=''
SDL_VERSION='2.0.9'
SED='/usr/bin/sed'
SET_MAKE=''
SHELL='/bin/bash'
STRIP='strip'
TREMOR_CFLAGS=''
TREMOR_LIBS=''
VERSION='2.6.2'
VERSION_OBJECTS=''
VORBIS_CFLAGS=''
VORBIS_LIBS=''
XMP_CFLAGS=''
XMP_LIBS=''
ac_aux_dir='./build-scripts/'
ac_ct_CC='gcc'
ac_ct_CXX='g++'
ac_ct_DUMPBIN=''
bindir='${exec_prefix}/bin'
build='x86_64-pc-linux-gnu'
build_alias=''
build_cpu='x86_64'
build_os='linux-gnu'
build_vendor='pc'
cmake_prefix_relpath=''
datadir='${datarootdir}'
datarootdir='${prefix}/share'
docdir='${datarootdir}/doc/${PACKAGE_TARNAME}'
dvidir='${docdir}'
exec_prefix='NONE'
host='x86_64-pc-linux-gnu'
host_alias=''
host_cpu='x86_64'
host_os='linux-gnu'
host_vendor='pc'
htmldir='${docdir}'
includedir='${prefix}/include'
infodir='${datarootdir}/info'
libdir='${exec_prefix}/lib'
libexecdir='${exec_prefix}/libexec'
localedir='${datarootdir}/locale'
localstatedir='${prefix}/var'
lt_ECHO='echo'
mandir='${datarootdir}/man'
oldincludedir='/usr/include'
pdfdir='${docdir}'
prefix='/home/mohammad/Desktop/FOP/fop2024-project-SurenNTKY/SDL2_mixer-2.6.2'
program_transform_name='s,x,x,'
psdir='${docdir}'
runstatedir='${localstatedir}/run'
sbindir='${exec_prefix}/sbin'
sharedstatedir='${prefix}/com'
sysconfdir='${prefix}/etc'
target_alias=''

## ----------- ##
## confdefs.h. ##
## ----------- ##

/* confdefs.h */
#define PACKAGE_NAME "SDL2_mixer"
#define PACKAGE_TARNAME "SDL2_mixer"
#define PACKAGE_VERSION "2.6.2"
#define PACKAGE_STRING "SDL2_mixer 2.6.2"
#define PACKAGE_BUGREPORT "https://github.com/libsdl-org/SDL_mixer/issues"
#define PACKAGE_URL ""
#define HAVE_STDIO_H 1
#define HAVE_STDLIB_H 1
#define HAVE_STRING_H 1
#define HAVE_INTTYPES_H 1
#define HAVE_STDINT_H 1
#define HAVE_STRINGS_H 1
#define HAVE_SYS_STAT_H 1
#define HAVE_SYS_TYPES_H 1
#define HAVE_UNISTD_H 1
#define STDC_HEADERS 1
#define HAVE_DLFCN_H 1
#define LT_OBJDIR ".libs/"

configure: exit 1
